<?xml version="1.0" encoding="UTF-8"?>
<!-- Generated by org.testng.reporters.JUnitReportReporter -->
<testsuite hostname="DESKTOP-5RN11MV" failures="0" tests="3" name="com.web.tests.LoginPageTests" time="43.518" errors="0" timestamp="2023-01-24T11:55:28 IST" skipped="0">
  <testcase classname="com.web.tests.LoginPageTests" name="verifyLogin" time="12.425"/>
  <system-out/>
  <testcase classname="com.web.tests.LoginPageTests" name="verifyLogin" time="14.068"/>
  <system-out/>
  <testcase classname="com.web.tests.LoginPageTests" name="verifyLogin" time="17.025"/>
  <system-out/>
</testsuite> <!-- com.web.tests.LoginPageTests -->
